number,value,datetime_start,datetime_complete,duration,params_batch_size,params_dropout,params_lr,params_weight_decay,state
0,0.5747217806041336,2026-09-19 20:13:58.588611,2026-09-19 20:14:04.832523,0 days 00:00:06.243912,8,0.16239780813448107,0.0003574712922600243,0.006351221010640704,COMPLETE
1,0.5158982511923689,2026-09-19 20:14:04.832523,2026-09-19 20:14:10.707053,0 days 00:00:05.874530,16,0.4879639408647978,0.00012184186502221769,0.0029154431891537554,COMPLETE
2,0.5588235294117647,2026-09-19 20:14:10.707053,2026-09-19 20:14:13.420622,0 days 00:00:02.713569,32,0.3099025726528951,0.0016967533607196547,7.068974950624607e-06,COMPLETE
3,0.5,2026-09-19 20:14:13.420622,2026-09-19 20:14:18.873693,0 days 00:00:05.453071,8,0.2465447373174767,0.0004345454109729479,1.461896279370496e-05,PRUNED
4,0.5,2026-09-19 20:14:18.873693,2026-09-19 20:14:20.771854,0 days 00:00:01.898161,32,0.1185801650879991,0.000471705203762518,0.0013826232179369874,PRUNED
5,0.5,2026-09-19 20:14:20.771854,2026-09-19 20:14:22.376627,0 days 00:00:01.604773,32,0.4233589392465845,0.0007896186801026692,4.809461967501575e-06,PRUNED
6,0.4864864864864865,2026-09-19 20:14:22.376627,2026-09-19 20:14:24.491384,0 days 00:00:02.114757,8,0.29807076404450805,0.00028180680291847244,2.4586032763280077e-06,PRUNED
7,0.5,2026-09-19 20:14:24.491384,2026-09-19 20:14:28.273442,0 days 00:00:03.782058,16,0.3080272084711243,0.00011240768803005555,0.004337920697490943,PRUNED
8,0.5747217806041336,2026-09-19 20:14:28.273442,2026-09-19 20:14:34.886601,0 days 00:00:06.613159,8,0.4579309401710595,0.000642033033629786,5.4880470007660465e-06,COMPLETE
9,0.4864864864864865,2026-09-19 20:14:34.886601,2026-09-19 20:14:37.435173,0 days 00:00:02.548572,16,0.23013213230530574,0.0007641361869233315,0.0048696409415209,PRUNED
